<?xml version="1.0" encoding="UTF-8"?>
<coverage generated="1657280278788" clover="3.2.0">
  <project timestamp="1657280278788" name="All files">
    <metrics statements="27" coveredstatements="15" conditionals="8" coveredconditionals="5" methods="13" coveredmethods="3" elements="48" coveredelements="23" complexity="0" loc="27" ncloc="27" packages="2" files="3" classes="3"/>
    <package name="screens">
      <metrics statements="26" coveredstatements="14" conditionals="8" coveredconditionals="5" methods="13" coveredmethods="3"/>
      <file name="Details.tsx" path="D:\cc\nasa-Builder-expo2\src\screens\Details.tsx">
        <metrics statements="11" coveredstatements="8" conditionals="6" coveredconditionals="4" methods="5" coveredmethods="2"/>
        <line num="10" count="1" type="stmt"/>
        <line num="11" count="8" type="stmt"/>
        <line num="12" count="8" type="stmt"/>
        <line num="13" count="8" type="stmt"/>
        <line num="15" count="8" type="stmt"/>
        <line num="16" count="4" type="stmt"/>
        <line num="17" count="4" type="stmt"/>
        <line num="22" count="0" type="stmt"/>
        <line num="25" count="0" type="stmt"/>
        <line num="28" count="0" type="stmt"/>
        <line num="32" count="8" type="stmt"/>
      </file>
      <file name="Home.tsx" path="D:\cc\nasa-Builder-expo2\src\screens\Home.tsx">
        <metrics statements="15" coveredstatements="6" conditionals="2" coveredconditionals="1" methods="8" coveredmethods="1"/>
        <line num="18" count="1" type="stmt"/>
        <line num="19" count="5" type="stmt"/>
        <line num="20" count="5" type="stmt"/>
        <line num="22" count="5" type="stmt"/>
        <line num="24" count="5" type="stmt"/>
        <line num="25" count="0" type="stmt"/>
        <line num="26" count="0" type="stmt"/>
        <line num="29" count="0" type="stmt"/>
        <line num="32" count="0" type="stmt"/>
        <line num="37" count="0" type="stmt"/>
        <line num="43" count="0" type="stmt"/>
        <line num="46" count="5" type="stmt"/>
        <line num="51" count="0" type="stmt"/>
        <line num="59" count="0" type="stmt"/>
        <line num="69" count="0" type="stmt"/>
      </file>
    </package>
    <package name="styles">
      <metrics statements="1" coveredstatements="1" conditionals="0" coveredconditionals="0" methods="0" coveredmethods="0"/>
      <file name="screens.ts" path="D:\cc\nasa-Builder-expo2\src\styles\screens.ts">
        <metrics statements="1" coveredstatements="1" conditionals="0" coveredconditionals="0" methods="0" coveredmethods="0"/>
        <line num="5" count="2" type="stmt"/>
      </file>
    </package>
  </project>
</coverage>
