{"D:\\cc\\nasa-Builder-expo2\\src\\screens\\Details.tsx": {"path":"D:\\cc\\nasa-Builder-expo2\\src\\screens\\Details.tsx","statementMap":{"0":{"start":{"line":10,"column":33},"end":{"line":50,"column":1}},"1":{"start":{"line":11,"column":25},"end":{"line":11,"column":45}},"2":{"start":{"line":12,"column":31},"end":{"line":12,"column":55}},"3":{"start":{"line":13,"column":27},"end":{"line":13,"column":51}},"4":{"start":{"line":15,"column":1},"end":{"line":30,"column":8}},"5":{"start":{"line":16,"column":2},"end":{"line":16,"column":19}},"6":{"start":{"line":17,"column":2},"end":{"line":29,"column":6}},"7":{"start":{"line":22,"column":4},"end":{"line":22,"column":22}},"8":{"start":{"line":25,"column":4},"end":{"line":25,"column":19}},"9":{"start":{"line":28,"column":4},"end":{"line":28,"column":22}},"10":{"start":{"line":32,"column":1},"end":{"line":49,"column":3}}},"fnMap":{"0":{"name":"(anonymous_0)","decl":{"start":{"line":10,"column":33},"end":{"line":10,"column":34}},"loc":{"start":{"line":10,"column":44},"end":{"line":50,"column":1}},"line":10},"1":{"name":"(anonymous_1)","decl":{"start":{"line":15,"column":11},"end":{"line":15,"column":12}},"loc":{"start":{"line":15,"column":17},"end":{"line":30,"column":2}},"line":15},"2":{"name":"(anonymous_2)","decl":{"start":{"line":21,"column":9},"end":{"line":21,"column":10}},"loc":{"start":{"line":21,"column":18},"end":{"line":23,"column":4}},"line":21},"3":{"name":"(anonymous_3)","decl":{"start":{"line":24,"column":10},"end":{"line":24,"column":11}},"loc":{"start":{"line":24,"column":16},"end":{"line":26,"column":4}},"line":24},"4":{"name":"(anonymous_4)","decl":{"start":{"line":27,"column":12},"end":{"line":27,"column":13}},"loc":{"start":{"line":27,"column":18},"end":{"line":29,"column":4}},"line":27}},"branchMap":{"0":{"loc":{"start":{"line":34,"column":4},"end":{"line":47,"column":4}},"type":"cond-expr","locations":[{"start":{"line":35,"column":4},"end":{"line":35,"column":49}},{"start":{"line":36,"column":7},"end":{"line":47,"column":4}}],"line":34},"1":{"loc":{"start":{"line":36,"column":7},"end":{"line":47,"column":4}},"type":"cond-expr","locations":[{"start":{"line":37,"column":4},"end":{"line":37,"column":38}},{"start":{"line":39,"column":4},"end":{"line":46,"column":11}}],"line":36},"2":{"loc":{"start":{"line":44,"column":7},"end":{"line":44,"column":61}},"type":"cond-expr","locations":[{"start":{"line":44,"column":49},"end":{"line":44,"column":54}},{"start":{"line":44,"column":57},"end":{"line":44,"column":61}}],"line":44}},"s":{"0":1,"1":8,"2":8,"3":8,"4":8,"5":4,"6":4,"7":0,"8":0,"9":0,"10":8},"f":{"0":8,"1":4,"2":0,"3":0,"4":0},"b":{"0":[4,4],"1":[0,4],"2":[0,4]},"_coverageSchema":"1a1c01bbd47fc00a2c39e90264f33305004495a9","hash":"e1e52efc16a272a88ec7386b2ed81f93e772bf5b"}
,"D:\\cc\\nasa-Builder-expo2\\src\\screens\\Home.tsx": {"path":"D:\\cc\\nasa-Builder-expo2\\src\\screens\\Home.tsx","statementMap":{"0":{"start":{"line":18,"column":17},"end":{"line":76,"column":1}},"1":{"start":{"line":19,"column":25},"end":{"line":19,"column":45}},"2":{"start":{"line":20,"column":31},"end":{"line":20,"column":55}},"3":{"start":{"line":22,"column":20},"end":{"line":22,"column":70}},"4":{"start":{"line":24,"column":27},"end":{"line":44,"column":2}},"5":{"start":{"line":25,"column":2},"end":{"line":25,"column":19}},"6":{"start":{"line":26,"column":2},"end":{"line":43,"column":37}},"7":{"start":{"line":29,"column":25},"end":{"line":31,"column":5}},"8":{"start":{"line":32,"column":4},"end":{"line":34,"column":7}},"9":{"start":{"line":37,"column":4},"end":{"line":41,"column":7}},"10":{"start":{"line":43,"column":18},"end":{"line":43,"column":35}},"11":{"start":{"line":46,"column":1},"end":{"line":75,"column":3}},"12":{"start":{"line":51,"column":28},"end":{"line":51,"column":41}},"13":{"start":{"line":59,"column":6},"end":{"line":59,"column":51}},"14":{"start":{"line":69,"column":7},"end":{"line":69,"column":27}}},"fnMap":{"0":{"name":"(anonymous_0)","decl":{"start":{"line":18,"column":17},"end":{"line":18,"column":18}},"loc":{"start":{"line":18,"column":23},"end":{"line":76,"column":1}},"line":18},"1":{"name":"(anonymous_1)","decl":{"start":{"line":24,"column":27},"end":{"line":24,"column":28}},"loc":{"start":{"line":24,"column":33},"end":{"line":44,"column":2}},"line":24},"2":{"name":"(anonymous_2)","decl":{"start":{"line":28,"column":9},"end":{"line":28,"column":10}},"loc":{"start":{"line":28,"column":18},"end":{"line":35,"column":4}},"line":28},"3":{"name":"(anonymous_3)","decl":{"start":{"line":36,"column":10},"end":{"line":36,"column":11}},"loc":{"start":{"line":36,"column":16},"end":{"line":42,"column":4}},"line":36},"4":{"name":"(anonymous_4)","decl":{"start":{"line":43,"column":12},"end":{"line":43,"column":13}},"loc":{"start":{"line":43,"column":18},"end":{"line":43,"column":35}},"line":43},"5":{"name":"(anonymous_5)","decl":{"start":{"line":51,"column":18},"end":{"line":51,"column":19}},"loc":{"start":{"line":51,"column":28},"end":{"line":51,"column":41}},"line":51},"6":{"name":"(anonymous_6)","decl":{"start":{"line":58,"column":14},"end":{"line":58,"column":15}},"loc":{"start":{"line":58,"column":20},"end":{"line":60,"column":6}},"line":58},"7":{"name":"(anonymous_7)","decl":{"start":{"line":68,"column":15},"end":{"line":68,"column":16}},"loc":{"start":{"line":68,"column":21},"end":{"line":70,"column":7}},"line":68}},"branchMap":{"0":{"loc":{"start":{"line":62,"column":5},"end":{"line":72,"column":5}},"type":"cond-expr","locations":[{"start":{"line":63,"column":5},"end":{"line":63,"column":50}},{"start":{"line":65,"column":5},"end":{"line":71,"column":7}}],"line":62}},"s":{"0":1,"1":5,"2":5,"3":5,"4":5,"5":0,"6":0,"7":0,"8":0,"9":0,"10":0,"11":5,"12":0,"13":0,"14":0},"f":{"0":5,"1":0,"2":0,"3":0,"4":0,"5":0,"6":0,"7":0},"b":{"0":[0,5]},"_coverageSchema":"1a1c01bbd47fc00a2c39e90264f33305004495a9","hash":"228e938b150727bb7c5e30adb5a6040b3239a6cd"}
,"D:\\cc\\nasa-Builder-expo2\\src\\styles\\screens.ts": {"path":"D:\\cc\\nasa-Builder-expo2\\src\\styles\\screens.ts","statementMap":{"0":{"start":{"line":5,"column":22},"end":{"line":26,"column":2}}},"fnMap":{},"branchMap":{},"s":{"0":2},"f":{},"b":{},"_coverageSchema":"1a1c01bbd47fc00a2c39e90264f33305004495a9","hash":"a24cf35598ad6c8b6964639c6e2b5cd9b5899008"}
}
