TN:
SF:src\screens\Details.tsx
FN:10,(anonymous_0)
FN:15,(anonymous_1)
FN:21,(anonymous_2)
FN:24,(anonymous_3)
FN:27,(anonymous_4)
FNF:5
FNH:2
FNDA:8,(anonymous_0)
FNDA:4,(anonymous_1)
FNDA:0,(anonymous_2)
FNDA:0,(anonymous_3)
FNDA:0,(anonymous_4)
DA:10,1
DA:11,8
DA:12,8
DA:13,8
DA:15,8
DA:16,4
DA:17,4
DA:22,0
DA:25,0
DA:28,0
DA:32,8
LF:11
LH:8
BRDA:34,0,0,4
BRDA:34,0,1,4
BRDA:36,1,0,0
BRDA:36,1,1,4
BRDA:44,2,0,0
BRDA:44,2,1,4
BRF:6
BRH:4
end_of_record
TN:
SF:src\screens\Home.tsx
FN:18,(anonymous_0)
FN:24,(anonymous_1)
FN:28,(anonymous_2)
FN:36,(anonymous_3)
FN:43,(anonymous_4)
FN:51,(anonymous_5)
FN:58,(anonymous_6)
FN:68,(anonymous_7)
FNF:8
FNH:1
FNDA:5,(anonymous_0)
FNDA:0,(anonymous_1)
FNDA:0,(anonymous_2)
FNDA:0,(anonymous_3)
FNDA:0,(anonymous_4)
FNDA:0,(anonymous_5)
FNDA:0,(anonymous_6)
FNDA:0,(anonymous_7)
DA:18,1
DA:19,5
DA:20,5
DA:22,5
DA:24,5
DA:25,0
DA:26,0
DA:29,0
DA:32,0
DA:37,0
DA:43,0
DA:46,5
DA:51,0
DA:59,0
DA:69,0
LF:15
LH:6
BRDA:62,0,0,0
BRDA:62,0,1,5
BRF:2
BRH:1
end_of_record
TN:
SF:src\styles\screens.ts
FNF:0
FNH:0
DA:5,2
LF:1
LH:1
BRF:0
BRH:0
end_of_record
